::1 - - [16/Apr/2022:17:47:57 +0000] "GET /posts/2 HTTP/1.1" 404 51 "-" "PostmanRuntime/7.28.4"
::1 - - [16/Apr/2022:17:48:53 +0000] "GET /posts HTTP/1.1" 200 26 "-" "PostmanRuntime/7.28.4"
::1 - - [16/Apr/2022:17:56:30 +0000] "GET /posts HTTP/1.1" 200 26 "-" "PostmanRuntime/7.28.4"
::1 - - [16/Apr/2022:18:53:36 +0000] "GET /posts HTTP/1.1" 200 26 "-" "PostmanRuntime/7.28.4"
::1 - - [09/Jul/2022:15:25:01 +0000] "GET /posts HTTP/1.1" 200 2 "-" "PostmanRuntime/7.28.4"
::1 - - [09/Jul/2022:15:34:23 +0000] "POST /posts HTTP/1.1" 200 15 "-" "PostmanRuntime/7.28.4"
::1 - - [09/Jul/2022:15:36:10 +0000] "POST /posts HTTP/1.1" 200 15 "-" "PostmanRuntime/7.28.4"
::1 - - [09/Jul/2022:15:38:25 +0000] "POST /posts HTTP/1.1" 200 100 "-" "PostmanRuntime/7.28.4"
::1 - - [09/Jul/2022:15:39:00 +0000] "GET /posts/1 HTTP/1.1" 200 2 "-" "PostmanRuntime/7.28.4"
::1 - - [09/Jul/2022:15:40:35 +0000] "GET /posts/1 HTTP/1.1" 200 100 "-" "PostmanRuntime/7.28.4"
::1 - - [09/Jul/2022:15:41:32 +0000] "POST /posts HTTP/1.1" 200 100 "-" "PostmanRuntime/7.28.4"
::1 - - [09/Jul/2022:15:41:37 +0000] "GET /posts HTTP/1.1" 200 102 "-" "PostmanRuntime/7.28.4"
::1 - - [09/Jul/2022:15:43:47 +0000] "GET /posts HTTP/1.1" 200 102 "-" "PostmanRuntime/7.28.4"
::1 - - [09/Jul/2022:15:43:50 +0000] "GET /posts/1 HTTP/1.1" 200 100 "-" "PostmanRuntime/7.28.4"
::1 - - [09/Jul/2022:15:43:53 +0000] "GET /posts HTTP/1.1" 200 102 "-" "PostmanRuntime/7.28.4"
::1 - - [09/Jul/2022:16:08:16 +0000] "GET /posts HTTP/1.1" 200 102 "-" "PostmanRuntime/7.28.4"
::1 - - [09/Jul/2022:16:08:19 +0000] "GET /posts/1 HTTP/1.1" 200 100 "-" "PostmanRuntime/7.28.4"
::1 - - [09/Jul/2022:16:21:59 +0000] "GET /posts/1 HTTP/1.1" 404 51 "-" "PostmanRuntime/7.28.4"
::1 - - [09/Jul/2022:16:22:03 +0000] "GET /posts HTTP/1.1" 200 2 "-" "PostmanRuntime/7.28.4"
::1 - - [09/Jul/2022:16:22:25 +0000] "GET /posts HTTP/1.1" 200 2 "-" "PostmanRuntime/7.28.4"
::1 - - [09/Jul/2022:16:29:03 +0000] "POST /posts HTTP/1.1" 200 100 "-" "PostmanRuntime/7.28.4"
::1 - - [10/Jul/2022:05:54:28 +0000] "GET /posts HTTP/1.1" 200 203 "-" "PostmanRuntime/7.28.4"
::1 - - [10/Jul/2022:05:54:40 +0000] "GET /posts/1 HTTP/1.1" 200 100 "-" "PostmanRuntime/7.28.4"
::1 - - [10/Jul/2022:05:55:10 +0000] "GET /posts/1 HTTP/1.1" 200 100 "-" "PostmanRuntime/7.28.4"
::1 - - [10/Jul/2022:05:56:28 +0000] "GET /posts/1 HTTP/1.1" 200 100 "-" "PostmanRuntime/7.28.4"
::1 - - [10/Jul/2022:06:24:16 +0000] "GET /posts/1 HTTP/1.1" 200 100 "-" "PostmanRuntime/7.28.4"
::1 - - [10/Jul/2022:06:24:20 +0000] "GET /posts HTTP/1.1" 200 203 "-" "PostmanRuntime/7.28.4"
